\BOOKMARK [1][-]{section.1}{\376\377\000P\000e\000r\000s\000o\000n\000a\000l\000\040\000I\000n\000f\000o\000r\000m\000a\000t\000i\000o\000n}{}% 1
\BOOKMARK [1][-]{section.2}{\376\377\000R\000e\000s\000e\000a\000r\000c\000h\000\040\000I\000n\000t\000e\000r\000e\000s\000t\000s}{}% 2
\BOOKMARK [1][-]{section.3}{\376\377\000D\000e\000g\000r\000e\000e\000s}{}% 3
\BOOKMARK [1][-]{section.4}{\376\377\000E\000m\000p\000l\000o\000y\000m\000e\000n\000t\000\040\000H\000i\000s\000t\000o\000r\000y\000\040}{}% 4
\BOOKMARK [1][-]{section.5}{\376\377\000S\000c\000i\000e\000n\000t\000i\000f\000i\000c\000\040\000E\000x\000p\000e\000r\000t\000i\000s\000e}{}% 5
\BOOKMARK [2][-]{subsection.5.1}{\376\377\000P\000e\000e\000r\000-\000r\000e\000v\000i\000e\000w\000e\000d\000\040\000P\000u\000b\000l\000i\000c\000a\000t\000i\000o\000n\000s}{section.5}% 6
\BOOKMARK [2][-]{subsection.5.2}{\376\377\000S\000u\000b\000m\000i\000t\000t\000e\000d\000\040\000M\000a\000n\000u\000s\000c\000r\000i\000p\000t\000s}{section.5}% 7
\BOOKMARK [2][-]{subsection.5.3}{\376\377\000S\000u\000c\000c\000e\000s\000s\000f\000u\000l\000\040\000g\000r\000a\000n\000t\000\040\000a\000p\000p\000l\000i\000c\000a\000t\000i\000o\000n\000s}{section.5}% 8
\BOOKMARK [2][-]{subsection.5.4}{\376\377\000C\000o\000n\000f\000e\000r\000e\000n\000c\000e\000\040\000p\000r\000e\000s\000e\000n\000t\000a\000t\000i\000o\000n\000s}{section.5}% 9
\BOOKMARK [2][-]{subsection.5.5}{\376\377\000I\000n\000v\000i\000t\000e\000d\000\040\000s\000e\000m\000i\000n\000a\000r\000\040\000t\000a\000l\000k\000s\000/\000r\000e\000s\000e\000a\000r\000c\000h\000\040\000v\000i\000s\000i\000t\000s\000\040}{section.5}% 10
\BOOKMARK [2][-]{subsection.5.6}{\376\377\000C\000o\000m\000p\000l\000e\000t\000e\000d\000\040\000r\000e\000f\000e\000r\000e\000e\000\040\000a\000s\000s\000i\000g\000n\000m\000e\000n\000t\000s}{section.5}% 11
\BOOKMARK [2][-]{subsection.5.7}{\376\377\000P\000l\000a\000n\000n\000i\000n\000g\000\040\000a\000n\000d\000\040\000o\000r\000g\000a\000n\000i\000z\000i\000n\000g}{section.5}% 12
\BOOKMARK [2][-]{subsection.5.8}{\376\377\000H\000o\000n\000o\000u\000r\000s}{section.5}% 13
\BOOKMARK [1][-]{section.6}{\376\377\000T\000e\000a\000c\000h\000i\000n\000g\000\040\000E\000x\000p\000e\000r\000i\000e\000n\000c\000e}{}% 14
\BOOKMARK [2][-]{subsection.6.1}{\376\377\000C\000o\000u\000r\000s\000e\000\040\000i\000n\000s\000t\000r\000u\000c\000t\000i\000o\000n\000s}{section.6}% 15
\BOOKMARK [2][-]{subsection.6.2}{\376\377\000R\000e\000s\000e\000a\000r\000c\000h\000\040\000s\000u\000p\000e\000r\000v\000i\000s\000i\000o\000n}{section.6}% 16
\BOOKMARK [1][-]{section.7}{\376\377\000A\000d\000m\000i\000n\000i\000s\000t\000r\000a\000t\000i\000v\000e\000\040\000a\000n\000d\000\040\000M\000a\000n\000a\000g\000e\000m\000e\000n\000t\000\040\000E\000x\000p\000e\000r\000i\000e\000n\000c\000e}{}% 17
\BOOKMARK [2][-]{subsection.7.1}{\376\377\000E\000x\000a\000m\000i\000n\000e\000r\000\040\000a\000c\000t\000i\000v\000i\000t\000i\000e\000s}{section.7}% 18
\BOOKMARK [2][-]{subsection.7.2}{\376\377\000P\000e\000r\000s\000o\000n\000n\000e\000l\000\040\000a\000d\000m\000i\000n\000i\000s\000t\000r\000a\000t\000i\000o\000n}{section.7}% 19
\BOOKMARK [1][-]{section.8}{\376\377\000C\000o\000m\000m\000u\000n\000i\000t\000y\000\040\000I\000n\000t\000e\000r\000a\000c\000t\000i\000o\000n}{}% 20
